Arguments: 
  /Users/jhamm/.nvm/versions/node/v16.10.0/bin/node /usr/local/bin/yarn add plaid-node

PATH: 
  /Users/jhamm/.nvm/versions/node/v16.10.0/bin:/Users/jhamm/bin/ngrok/:/Users/jhamm/bin/platform-tools/:/Users/jhamm/Library/Android/sdk/emulator:/usr/local/bin:/System/Cryptexes/App/usr/bin:/usr/bin:/bin:/usr/sbin:/sbin:/Library/Apple/usr/bin:/usr/local/bin

Yarn version: 
  1.22.19

Node version: 
  16.10.0

Platform: 
  darwin x64

Trace: 
  Error: https://registry.yarnpkg.com/plaid-node: Not found
      at Request.params.callback [as _callback] (/usr/local/lib/node_modules/yarn/lib/cli.js:66145:18)
      at Request.self.callback (/usr/local/lib/node_modules/yarn/lib/cli.js:140890:22)
      at Request.emit (node:events:390:28)
      at Request.<anonymous> (/usr/local/lib/node_modules/yarn/lib/cli.js:141862:10)
      at Request.emit (node:events:390:28)
      at IncomingMessage.<anonymous> (/usr/local/lib/node_modules/yarn/lib/cli.js:141784:12)
      at Object.onceWrapper (node:events:509:28)
      at IncomingMessage.emit (node:events:402:35)
      at endReadableNT (node:internal/streams/readable:1343:12)
      at processTicksAndRejections (node:internal/process/task_queues:83:21)

npm manifest: 
  {
    "name": "node-plaid",
    "version": "1.0.0",
    "main": "index.js",
    "license": "MIT"
  }

yarn manifest: 
  No manifest

Lockfile: 
  No lockfile
